Analysis & Synthesis report for StopWatch
Sat Dec 31 12:03:34 2022
Quartus Prime Version 22.1std.0 Build 915 10/25/2022 SC Lite Edition


---------------------
; Table of Contents ;
---------------------
  1. Legal Notice
  2. Analysis & Synthesis Summary
  3. Analysis & Synthesis Settings
  4. Parallel Compilation
  5. Analysis & Synthesis Source Files Read
  6. Analysis & Synthesis Resource Usage Summary
  7. Analysis & Synthesis Resource Utilization by Entity
  8. Logic Cells Representing Combinational Loops
  9. General Register Statistics
 10. Port Connectivity Checks: "SJKff:JK"
 11. Port Connectivity Checks: "Mux21:M1"
 12. Post-Synthesis Netlist Statistics for Top Partition
 13. Elapsed Time Per Partition
 14. Analysis & Synthesis Messages
 15. Analysis & Synthesis Suppressed Messages



----------------
; Legal Notice ;
----------------
Copyright (C) 2022  Intel Corporation. All rights reserved.
Your use of Intel Corporation's design tools, logic functions 
and other software and tools, and any partner logic 
functions, and any output files from any of the foregoing 
(including device programming or simulation files), and any 
associated documentation or information are expressly subject 
to the terms and conditions of the Intel Program License 
Subscription Agreement, the Intel Quartus Prime License Agreement,
the Intel FPGA IP License Agreement, or other applicable license
agreement, including, without limitation, that your use is for
the sole purpose of programming logic devices manufactured by
Intel and sold by Intel or its authorized distributors.  Please
refer to the applicable agreement for further details, at
https://fpgasoftware.intel.com/eula.



+-------------------------------------------------------------------------------------+
; Analysis & Synthesis Summary                                                        ;
+------------------------------------+------------------------------------------------+
; Analysis & Synthesis Status        ; Successful - Sat Dec 31 12:03:34 2022          ;
; Quartus Prime Version              ; 22.1std.0 Build 915 10/25/2022 SC Lite Edition ;
; Revision Name                      ; StopWatch                                      ;
; Top-level Entity Name              ; CountControl                                   ;
; Family                             ; Cyclone IV E                                   ;
; Total logic elements               ; 10                                             ;
;     Total combinational functions  ; 10                                             ;
;     Dedicated logic registers      ; 0                                              ;
; Total registers                    ; 0                                              ;
; Total pins                         ; 22                                             ;
; Total virtual pins                 ; 0                                              ;
; Total memory bits                  ; 0                                              ;
; Embedded Multiplier 9-bit elements ; 0                                              ;
; Total PLLs                         ; 0                                              ;
+------------------------------------+------------------------------------------------+


+------------------------------------------------------------------------------------------------------------+
; Analysis & Synthesis Settings                                                                              ;
+------------------------------------------------------------------+--------------------+--------------------+
; Option                                                           ; Setting            ; Default Value      ;
+------------------------------------------------------------------+--------------------+--------------------+
; Device                                                           ; EP4CE22F17C6       ;                    ;
; Top-level entity name                                            ; CountControl       ; StopWatch          ;
; Family name                                                      ; Cyclone IV E       ; Cyclone V          ;
; Use smart compilation                                            ; Off                ; Off                ;
; Enable parallel Assembler and Timing Analyzer during compilation ; On                 ; On                 ;
; Enable compact report table                                      ; Off                ; Off                ;
; Restructure Multiplexers                                         ; Auto               ; Auto               ;
; Create Debugging Nodes for IP Cores                              ; Off                ; Off                ;
; Preserve fewer node names                                        ; On                 ; On                 ;
; Intel FPGA IP Evaluation Mode                                    ; Enable             ; Enable             ;
; Verilog Version                                                  ; Verilog_2001       ; Verilog_2001       ;
; VHDL Version                                                     ; VHDL_1993          ; VHDL_1993          ;
; State Machine Processing                                         ; Auto               ; Auto               ;
; Safe State Machine                                               ; Off                ; Off                ;
; Extract Verilog State Machines                                   ; On                 ; On                 ;
; Extract VHDL State Machines                                      ; On                 ; On                 ;
; Ignore Verilog initial constructs                                ; Off                ; Off                ;
; Iteration limit for constant Verilog loops                       ; 5000               ; 5000               ;
; Iteration limit for non-constant Verilog loops                   ; 250                ; 250                ;
; Add Pass-Through Logic to Inferred RAMs                          ; On                 ; On                 ;
; Infer RAMs from Raw Logic                                        ; On                 ; On                 ;
; Parallel Synthesis                                               ; On                 ; On                 ;
; DSP Block Balancing                                              ; Auto               ; Auto               ;
; NOT Gate Push-Back                                               ; On                 ; On                 ;
; Power-Up Don't Care                                              ; On                 ; On                 ;
; Remove Redundant Logic Cells                                     ; Off                ; Off                ;
; Remove Duplicate Registers                                       ; On                 ; On                 ;
; Ignore CARRY Buffers                                             ; Off                ; Off                ;
; Ignore CASCADE Buffers                                           ; Off                ; Off                ;
; Ignore GLOBAL Buffers                                            ; Off                ; Off                ;
; Ignore ROW GLOBAL Buffers                                        ; Off                ; Off                ;
; Ignore LCELL Buffers                                             ; Off                ; Off                ;
; Ignore SOFT Buffers                                              ; On                 ; On                 ;
; Limit AHDL Integers to 32 Bits                                   ; Off                ; Off                ;
; Optimization Technique                                           ; Balanced           ; Balanced           ;
; Carry Chain Length                                               ; 70                 ; 70                 ;
; Auto Carry Chains                                                ; On                 ; On                 ;
; Auto Open-Drain Pins                                             ; On                 ; On                 ;
; Perform WYSIWYG Primitive Resynthesis                            ; Off                ; Off                ;
; Auto ROM Replacement                                             ; On                 ; On                 ;
; Auto RAM Replacement                                             ; On                 ; On                 ;
; Auto DSP Block Replacement                                       ; On                 ; On                 ;
; Auto Shift Register Replacement                                  ; Auto               ; Auto               ;
; Allow Shift Register Merging across Hierarchies                  ; Auto               ; Auto               ;
; Auto Clock Enable Replacement                                    ; On                 ; On                 ;
; Strict RAM Replacement                                           ; Off                ; Off                ;
; Allow Synchronous Control Signals                                ; On                 ; On                 ;
; Force Use of Synchronous Clear Signals                           ; Off                ; Off                ;
; Auto RAM Block Balancing                                         ; On                 ; On                 ;
; Auto RAM to Logic Cell Conversion                                ; Off                ; Off                ;
; Auto Resource Sharing                                            ; Off                ; Off                ;
; Allow Any RAM Size For Recognition                               ; Off                ; Off                ;
; Allow Any ROM Size For Recognition                               ; Off                ; Off                ;
; Allow Any Shift Register Size For Recognition                    ; Off                ; Off                ;
; Use LogicLock Constraints during Resource Balancing              ; On                 ; On                 ;
; Ignore translate_off and synthesis_off directives                ; Off                ; Off                ;
; Timing-Driven Synthesis                                          ; On                 ; On                 ;
; Report Parameter Settings                                        ; On                 ; On                 ;
; Report Source Assignments                                        ; On                 ; On                 ;
; Report Connectivity Checks                                       ; On                 ; On                 ;
; Ignore Maximum Fan-Out Assignments                               ; Off                ; Off                ;
; Synchronization Register Chain Length                            ; 2                  ; 2                  ;
; Power Optimization During Synthesis                              ; Normal compilation ; Normal compilation ;
; HDL message level                                                ; Level2             ; Level2             ;
; Suppress Register Optimization Related Messages                  ; Off                ; Off                ;
; Number of Removed Registers Reported in Synthesis Report         ; 5000               ; 5000               ;
; Number of Swept Nodes Reported in Synthesis Report               ; 5000               ; 5000               ;
; Number of Inverted Registers Reported in Synthesis Report        ; 100                ; 100                ;
; Clock MUX Protection                                             ; On                 ; On                 ;
; Auto Gated Clock Conversion                                      ; Off                ; Off                ;
; Block Design Naming                                              ; Auto               ; Auto               ;
; SDC constraint protection                                        ; Off                ; Off                ;
; Synthesis Effort                                                 ; Auto               ; Auto               ;
; Shift Register Replacement - Allow Asynchronous Clear Signal     ; On                 ; On                 ;
; Pre-Mapping Resynthesis Optimization                             ; Off                ; Off                ;
; Analysis & Synthesis Message Level                               ; Medium             ; Medium             ;
; Disable Register Merging Across Hierarchies                      ; Auto               ; Auto               ;
; Resource Aware Inference For Block RAM                           ; On                 ; On                 ;
+------------------------------------------------------------------+--------------------+--------------------+


+------------------------------------------+
; Parallel Compilation                     ;
+----------------------------+-------------+
; Processors                 ; Number      ;
+----------------------------+-------------+
; Number detected on machine ; 8           ;
; Maximum allowed            ; 4           ;
;                            ;             ;
; Average used               ; 1.00        ;
; Maximum used               ; 1           ;
;                            ;             ;
; Usage by Processor         ; % Time Used ;
;     Processor 1            ; 100.0%      ;
+----------------------------+-------------+


+-----------------------------------------------------------------------------------------------------------------------------------+
; Analysis & Synthesis Source Files Read                                                                                            ;
+----------------------------------+-----------------+------------------------------+-------------------------------------+---------+
; File Name with User-Entered Path ; Used in Netlist ; File Type                    ; File Name with Absolute Path        ; Library ;
+----------------------------------+-----------------+------------------------------+-------------------------------------+---------+
; Mux21.sv                         ; yes             ; User SystemVerilog HDL File  ; E:/stopWatch/coding/Mux21.sv        ;         ;
; CountControl.sv                  ; yes             ; User SystemVerilog HDL File  ; E:/stopWatch/coding/CountControl.sv ;         ;
; SJKff.sv                         ; yes             ; User SystemVerilog HDL File  ; E:/stopWatch/coding/SJKff.sv        ;         ;
+----------------------------------+-----------------+------------------------------+-------------------------------------+---------+


+---------------------------------------------------------------+
; Analysis & Synthesis Resource Usage Summary                   ;
+---------------------------------------------+-----------------+
; Resource                                    ; Usage           ;
+---------------------------------------------+-----------------+
; Estimated Total logic elements              ; 10              ;
;                                             ;                 ;
; Total combinational functions               ; 10              ;
; Logic element usage by number of LUT inputs ;                 ;
;     -- 4 input functions                    ; 9               ;
;     -- 3 input functions                    ; 1               ;
;     -- <=2 input functions                  ; 0               ;
;                                             ;                 ;
; Logic elements by mode                      ;                 ;
;     -- normal mode                          ; 10              ;
;     -- arithmetic mode                      ; 0               ;
;                                             ;                 ;
; Total registers                             ; 0               ;
;     -- Dedicated logic registers            ; 0               ;
;     -- I/O registers                        ; 0               ;
;                                             ;                 ;
; I/O pins                                    ; 22              ;
;                                             ;                 ;
; Embedded Multiplier 9-bit elements          ; 0               ;
;                                             ;                 ;
; Maximum fan-out node                        ; SJKff:JK|comb~0 ;
; Maximum fan-out                             ; 3               ;
; Total fan-out                               ; 63              ;
; Average fan-out                             ; 1.17            ;
+---------------------------------------------+-----------------+


+--------------------------------------------------------------------------------------------------------------------------------------------------------------------------------------------------------------+
; Analysis & Synthesis Resource Utilization by Entity                                                                                                                                                          ;
+----------------------------+---------------------+---------------------------+-------------+--------------+---------+-----------+------+--------------+------------------------+--------------+--------------+
; Compilation Hierarchy Node ; Combinational ALUTs ; Dedicated Logic Registers ; Memory Bits ; DSP Elements ; DSP 9x9 ; DSP 18x18 ; Pins ; Virtual Pins ; Full Hierarchy Name    ; Entity Name  ; Library Name ;
+----------------------------+---------------------+---------------------------+-------------+--------------+---------+-----------+------+--------------+------------------------+--------------+--------------+
; |CountControl              ; 10 (6)              ; 0 (0)                     ; 0           ; 0            ; 0       ; 0         ; 22   ; 0            ; |CountControl          ; CountControl ; work         ;
;    |SJKff:JK|              ; 4 (4)               ; 0 (0)                     ; 0           ; 0            ; 0       ; 0         ; 0    ; 0            ; |CountControl|SJKff:JK ; SJKff        ; work         ;
+----------------------------+---------------------+---------------------------+-------------+--------------+---------+-----------+------+--------------+------------------------+--------------+--------------+
Note: For table entries with two numbers listed, the numbers in parentheses indicate the number of resources of the given type used by the specific entity alone. The numbers listed outside of parentheses indicate the total resources of the given type used by the specific entity and all of its sub-entities in the hierarchy.


+------------------------------------------------------------+
; Logic Cells Representing Combinational Loops               ;
+--------------------------------------------------------+---+
; Logic Cell Name                                        ;   ;
+--------------------------------------------------------+---+
; SJKff:JK|Q1~0                                          ;   ;
; SJKff:JK|WideNand1~0                                   ;   ;
; SJKff:JK|WideNand1~1                                   ;   ;
; Number of logic cells representing combinational loops ; 3 ;
+--------------------------------------------------------+---+
Note: All cells listed above may not be present at the end of synthesis due to various synthesis optimizations.


+------------------------------------------------------+
; General Register Statistics                          ;
+----------------------------------------------+-------+
; Statistic                                    ; Value ;
+----------------------------------------------+-------+
; Total registers                              ; 0     ;
; Number of registers using Synchronous Clear  ; 0     ;
; Number of registers using Synchronous Load   ; 0     ;
; Number of registers using Asynchronous Clear ; 0     ;
; Number of registers using Asynchronous Load  ; 0     ;
; Number of registers using Clock Enable       ; 0     ;
; Number of registers using Preset             ; 0     ;
+----------------------------------------------+-------+


+----------------------------------------------------------------------------------------------------------------+
; Port Connectivity Checks: "SJKff:JK"                                                                           ;
+------+--------+----------+-------------------------------------------------------------------------------------+
; Port ; Type   ; Severity ; Details                                                                             ;
+------+--------+----------+-------------------------------------------------------------------------------------+
; Q2   ; Output ; Info     ; Connected to dangling logic. Logic that only feeds a dangling port will be removed. ;
+------+--------+----------+-------------------------------------------------------------------------------------+


+----------------------------------------------------------------------------------------------------------------------------------------------------------------------------------------------------------------+
; Port Connectivity Checks: "Mux21:M1"                                                                                                                                                                           ;
+--------+-------+----------+------------------------------------------------------------------------------------------------------------------------------------------------------------------------------------+
; Port   ; Type  ; Severity ; Details                                                                                                                                                                            ;
+--------+-------+----------+------------------------------------------------------------------------------------------------------------------------------------------------------------------------------------+
; D1     ; Input ; Warning  ; Input port expression (32 bits) is wider than the input port (1 bits) it drives.  The 31 most-significant bit(s) in the expression will be dangling if they have no other fanouts. ;
; D1[-1] ; Input ; Info     ; Stuck at GND                                                                                                                                                                       ;
+--------+-------+----------+------------------------------------------------------------------------------------------------------------------------------------------------------------------------------------+


+-----------------------------------------------------+
; Post-Synthesis Netlist Statistics for Top Partition ;
+-----------------------+-----------------------------+
; Type                  ; Count                       ;
+-----------------------+-----------------------------+
; boundary_port         ; 22                          ;
; cycloneiii_lcell_comb ; 11                          ;
;     normal            ; 11                          ;
;         1 data inputs ; 1                           ;
;         3 data inputs ; 1                           ;
;         4 data inputs ; 9                           ;
;                       ;                             ;
; Max LUT depth         ; 5.00                        ;
; Average LUT depth     ; 3.88                        ;
+-----------------------+-----------------------------+


+-------------------------------+
; Elapsed Time Per Partition    ;
+----------------+--------------+
; Partition Name ; Elapsed Time ;
+----------------+--------------+
; Top            ; 00:00:00     ;
+----------------+--------------+


+-------------------------------+
; Analysis & Synthesis Messages ;
+-------------------------------+
Info: *******************************************************************
Info: Running Quartus Prime Analysis & Synthesis
    Info: Version 22.1std.0 Build 915 10/25/2022 SC Lite Edition
    Info: Processing started: Sat Dec 31 12:03:26 2022
Info: Command: quartus_map --read_settings_files=on --write_settings_files=off StopWatch -c StopWatch
Warning (18236): Number of processors has not been specified which may cause overloading on shared machines.  Set the global assignment NUM_PARALLEL_PROCESSORS in your QSF to an appropriate value for best performance.
Info (20030): Parallel compilation is enabled and will use 4 of the 4 processors detected
Info (12021): Found 1 design units, including 1 entities, in source file sevensegment.sv
    Info (12023): Found entity 1: SevenSegment File: E:/stopWatch/coding/SevenSegment.sv Line: 1
Info (12021): Found 1 design units, including 1 entities, in source file operationunit.sv
    Info (12023): Found entity 1: OperationUnit File: E:/stopWatch/coding/OperationUnit.sv Line: 1
Info (12021): Found 1 design units, including 1 entities, in source file fulladder4b.sv
    Info (12023): Found entity 1: FullAdder4b File: E:/stopWatch/coding/FullAdder4b.sv Line: 1
Info (12021): Found 1 design units, including 1 entities, in source file counter09.sv
    Info (12023): Found entity 1: Counter09 File: E:/stopWatch/coding/Counter09.sv Line: 1
Info (12021): Found 1 design units, including 1 entities, in source file counter05.sv
    Info (12023): Found entity 1: Counter05 File: E:/stopWatch/coding/Counter05.sv Line: 1
Info (12021): Found 1 design units, including 1 entities, in source file comparitor4b.sv
    Info (12023): Found entity 1: Comparitor4b File: E:/stopWatch/coding/Comparitor4b.sv Line: 1
Info (12021): Found 1 design units, including 1 entities, in source file bcdsubtractor8b.sv
    Info (12023): Found entity 1: BCDSubtractor8b File: E:/stopWatch/coding/BCDSubtractor8b.sv Line: 1
Warning (10238): Verilog Module Declaration warning at BCDSubtractor4b.sv(6): ignored anonymous port(s) indicated by duplicate or dangling comma(s) in the port list for module "BCDSubtractor4b" File: E:/stopWatch/coding/BCDSubtractor4b.sv Line: 6
Info (12021): Found 1 design units, including 1 entities, in source file bcdsubtractor4b.sv
    Info (12023): Found entity 1: BCDSubtractor4b File: E:/stopWatch/coding/BCDSubtractor4b.sv Line: 1
Info (12021): Found 1 design units, including 1 entities, in source file bcdadder16b.sv
    Info (12023): Found entity 1: BCDAdder16b File: E:/stopWatch/coding/BCDAdder16b.sv Line: 1
Info (12021): Found 1 design units, including 1 entities, in source file bcdadder4b.sv
    Info (12023): Found entity 1: BCDAdder4b File: E:/stopWatch/coding/BCDAdder4b.sv Line: 1
Info (12021): Found 1 design units, including 1 entities, in source file srjkff.sv
    Info (12023): Found entity 1: SRJKFF File: E:/stopWatch/coding/SRJKFF.sv Line: 1
Info (12021): Found 1 design units, including 1 entities, in source file drff.sv
    Info (12023): Found entity 1: DRFF File: E:/stopWatch/coding/DRFF.sv Line: 1
Info (12021): Found 1 design units, including 1 entities, in source file clockcontrol.sv
    Info (12023): Found entity 1: ClockControl File: E:/stopWatch/coding/ClockControl.sv Line: 1
Info (12021): Found 1 design units, including 1 entities, in source file mux21.sv
    Info (12023): Found entity 1: Mux21 File: E:/stopWatch/coding/Mux21.sv Line: 1
Info (12021): Found 1 design units, including 1 entities, in source file mux81.sv
    Info (12023): Found entity 1: Mux81 File: E:/stopWatch/coding/Mux81.sv Line: 1
Info (12021): Found 1 design units, including 1 entities, in source file fulladder1b.sv
    Info (12023): Found entity 1: FullAdder1b File: E:/stopWatch/coding/FullAdder1b.sv Line: 1
Info (12021): Found 1 design units, including 1 entities, in source file fulladder16b.sv
    Info (12023): Found entity 1: FullAdder16b File: E:/stopWatch/coding/FullAdder16b.sv Line: 1
Info (12021): Found 1 design units, including 1 entities, in source file comparitor1b.sv
    Info (12023): Found entity 1: Comparitor1b File: E:/stopWatch/coding/Comparitor1b.sv Line: 1
Info (12021): Found 1 design units, including 1 entities, in source file comparitor16b.sv
    Info (12023): Found entity 1: Comparitor16b File: E:/stopWatch/coding/Comparitor16b.sv Line: 1
Info (12021): Found 1 design units, including 1 entities, in source file checker1b.sv
    Info (12023): Found entity 1: Checker1b File: E:/stopWatch/coding/Checker1b.sv Line: 1
Info (12021): Found 1 design units, including 1 entities, in source file checker16b.sv
    Info (12023): Found entity 1: Checker16b File: E:/stopWatch/coding/Checker16b.sv Line: 1
Info (12021): Found 1 design units, including 1 entities, in source file countcontrol.sv
    Info (12023): Found entity 1: CountControl File: E:/stopWatch/coding/CountControl.sv Line: 1
Info (12021): Found 1 design units, including 1 entities, in source file timer.sv
    Info (12023): Found entity 1: Timer File: E:/stopWatch/coding/Timer.sv Line: 1
Info (12021): Found 1 design units, including 1 entities, in source file normalclk.sv
    Info (12023): Found entity 1: NormalCLK File: E:/stopWatch/coding/NormalCLK.sv Line: 1
Info (12021): Found 1 design units, including 1 entities, in source file sjkff.sv
    Info (12023): Found entity 1: SJKff File: E:/stopWatch/coding/SJKff.sv Line: 1
Warning (10236): Verilog HDL Implicit Net warning at CountControl.sv(14): created implicit net for "EqnMin" File: E:/stopWatch/coding/CountControl.sv Line: 14
Info (12127): Elaborating entity "CountControl" for the top level hierarchy
Info (12128): Elaborating entity "Mux21" for hierarchy "Mux21:M1" File: E:/stopWatch/coding/CountControl.sv Line: 22
Info (12128): Elaborating entity "SJKff" for hierarchy "SJKff:JK" File: E:/stopWatch/coding/CountControl.sv Line: 27
Warning (12241): 1 hierarchies have connectivity warnings - see the Connectivity Checks report folder
Info (286030): Timing-Driven Synthesis is running
Info (144001): Generated suppressed messages file E:/stopWatch/coding/output_files/StopWatch.map.smsg
Info (16010): Generating hard_block partition "hard_block:auto_generated_inst"
    Info (16011): Adding 0 node(s), including 0 DDIO, 0 PLL, 0 transceiver and 0 LCELL
Info (21057): Implemented 32 device resources after synthesis - the final resource count might be different
    Info (21058): Implemented 20 input pins
    Info (21059): Implemented 2 output pins
    Info (21061): Implemented 10 logic cells
Info: Quartus Prime Analysis & Synthesis was successful. 0 errors, 4 warnings
    Info: Peak virtual memory: 4758 megabytes
    Info: Processing ended: Sat Dec 31 12:03:34 2022
    Info: Elapsed time: 00:00:08
    Info: Total CPU time (on all processors): 00:00:06


+------------------------------------------+
; Analysis & Synthesis Suppressed Messages ;
+------------------------------------------+
The suppressed messages can be found in E:/stopWatch/coding/output_files/StopWatch.map.smsg.


